
> server@0.0.1 start:dev
> nest start --watch

[2J[3J[H[[90m18:14:10[0m] Starting compilation in watch mode...

[96msrc/work-records/work-records.service.ts[0m:[93m102[0m:[93m20[0m - [91merror[0m[90m TS2353: [0mObject literal may only specify known properties, and 'user' does not exist in type 'ProjectMemberInclude<DefaultArgs>'.

[7m102[0m         include: { user: true }
[7m   [0m [91m                   ~~~~[0m

  [96mnode_modules/.prisma/client/index.d.ts[0m:[93m6432[0m:[93m5[0m
    [7m6432[0m     include?: ProjectMemberInclude<ExtArgs> | null
    [7m    [0m [96m    ~~~~~~~[0m
    The expected type comes from property 'include' which is declared here on type '{ select?: ProjectMemberSelect<DefaultArgs>; include?: ProjectMemberInclude<DefaultArgs>; where?: ProjectMemberWhereInput; ... 4 more ...; distinct?: ProjectMemberScalarFieldEnum | ProjectMemberScalarFieldEnum[]; }'

[96msrc/work-records/work-records.service.ts[0m:[93m109[0m:[93m31[0m - [91merror[0m[90m TS2339: [0mProperty 'name' does not exist on type '{ id: string; createdAt: Date; updatedAt: Date; role: string; projectId: string; memberId: string; }'.

[7m109[0m             userName: member?.name || 'Unknown',
[7m   [0m [91m                              ~~~~[0m

[96msrc/work-records/work-records.service.ts[0m:[93m110[0m:[93m33[0m - [91merror[0m[90m TS2339: [0mProperty 'user' does not exist on type '{ id: string; createdAt: Date; updatedAt: Date; role: string; projectId: string; memberId: string; }'.

[7m110[0m             userAvatar: member?.user?.avatar || '',
[7m   [0m [91m                                ~~~~[0m

[96msrc/work-records/work-records.service.ts[0m:[93m113[0m:[93m31[0m - [91merror[0m[90m TS2339: [0mProperty 'wageType' does not exist on type '{ id: string; createdAt: Date; updatedAt: Date; role: string; projectId: string; memberId: string; }'.

[7m113[0m             wageType: member?.wageType || 'day'
[7m   [0m [91m                              ~~~~~~~~[0m

[[90m18:14:11[0m] Found 4 errors. Watching for file changes.

